<?xml version="1.0" encoding="UTF-8"?>
<!-- Generated by org.testng.reporters.JUnitReportReporter -->
<testsuite hostname="DESKTOP-GEN6HL4" failures="0" tests="1" name="testing.Testing" time="20.298" errors="0" timestamp="2023-08-28T08:40:35 IST" skipped="0">
  <testcase classname="testing.Testing" name="f" time="20.298"/>
  <system-out/>
</testsuite> <!-- testing.Testing -->
